<?xml version="1.0" encoding="UTF-8"?>
<!-- Generated by org.testng.reporters.JUnitReportReporter -->
<testsuite hostname="Prashant-Laptop" failures="0" tests="1" name="com.ui.weather.uiLayer" time="31.591" errors="0" timestamp="2022-05-24T18:22:15 IST" skipped="0">
  <testcase classname="com.ui.weather.uiLayer" name="getinfo" time="31.591"/>
  <system-out/>
</testsuite> <!-- com.ui.weather.uiLayer -->
