<?xml version="1.0" encoding="UTF-8"?>
<!-- Generated by org.testng.reporters.JUnitReportReporter -->
<testsuite hostname="Prashant-Laptop" failures="0" tests="1" name="com.api.weather.weatherinfoAPI" time="17.299" errors="0" timestamp="2022-05-24T18:09:35 IST" skipped="0">
  <testcase classname="com.api.weather.weatherinfoAPI" name="getinfoAPI" time="17.299"/>
  <system-out/>
</testsuite> <!-- com.api.weather.weatherinfoAPI -->
